<?xml version="1.0" encoding="UTF-8"?>
<!-- Generated by org.testng.reporters.JUnitReportReporter -->
<testsuite skipped="0" hostname="Siri-PC" name="Tc_firefoxlaunch" tests="1" failures="0" timestamp="2020-06-10T16:58:18 PDT" time="6.073" errors="0">
  <testcase name="firefoxlaunch" time="6.073" classname="Tc_firefoxlaunch"/>
</testsuite> <!-- Tc_firefoxlaunch -->
