<?xml version="1.0" encoding="UTF-8"?>
<!-- Generated by org.testng.reporters.JUnitReportReporter -->
<testsuite skipped="0" hostname="Siri-PC" name="Practice_TestNG1.TC_chromelaunch" tests="1" failures="0" timestamp="2020-06-10T17:45:55 PDT" time="11.201" errors="0">
  <testcase name="chromelaunch" time="11.201" classname="Practice_TestNG1.TC_chromelaunch"/>
</testsuite> <!-- Practice_TestNG1.TC_chromelaunch -->
