<?xml version="1.0" encoding="UTF-8"?>
<!-- Generated by org.testng.reporters.JUnitReportReporter -->
<testsuite skipped="0" hostname="Siri-PC" name="Practice_TestNG1.Tc_firefoxlaunch" tests="1" failures="0" timestamp="2020-06-10T17:45:55 PDT" time="5.873" errors="0">
  <testcase name="firefoxlaunch" time="5.873" classname="Practice_TestNG1.Tc_firefoxlaunch"/>
</testsuite> <!-- Practice_TestNG1.Tc_firefoxlaunch -->
