<?xml version="1.0" encoding="UTF-8"?>
<!-- Generated by org.testng.reporters.JUnitReportReporter -->
<testsuite skipped="0" hostname="Siri-PC" name="Practice_TestNGFinal.TC_chromelaunch" tests="1" failures="0" timestamp="2020-06-10T22:36:03 PDT" time="8.620" errors="0">
  <testcase name="chromelaunch" time="8.620" classname="Practice_TestNGFinal.TC_chromelaunch"/>
</testsuite> <!-- Practice_TestNGFinal.TC_chromelaunch -->
