<?xml version="1.0" encoding="UTF-8"?>
<!-- Generated by org.testng.reporters.JUnitReportReporter -->
<testsuite skipped="0" hostname="Siri-PC" name="Practice_TestNGFinal.Tc_firefoxlaunch" tests="1" failures="0" timestamp="2020-06-10T21:53:40 PDT" time="8.156" errors="0">
  <testcase name="firefoxlaunch" time="8.156" classname="Practice_TestNGFinal.Tc_firefoxlaunch"/>
</testsuite> <!-- Practice_TestNGFinal.Tc_firefoxlaunch -->
