<?xml version="1.0" encoding="UTF-8"?>
<!-- Generated by org.testng.reporters.JUnitReportReporter -->
<testsuite skipped="0" hostname="Siri-PC" name="Practice_TestNGFinal.TC_Login" tests="1" failures="0" timestamp="2020-06-10T22:36:12 PDT" time="0.009" errors="0">
  <testcase name="Login_01" time="0.009" classname="Practice_TestNGFinal.TC_Login"/>
</testsuite> <!-- Practice_TestNGFinal.TC_Login -->
