<?xml version="1.0" encoding="UTF-8"?>
<!-- Generated by org.testng.reporters.JUnitReportReporter -->
<testsuite skipped="0" hostname="Siri-PC" name="Practice_TestNGFinal.TC_Login_Group" tests="3" failures="0" timestamp="2020-06-10T22:36:19 PDT" time="0.013" errors="0">
  <testcase name="Login_02" time="0.001" classname="Practice_TestNGFinal.TC_Login_Group"/>
  <testcase name="Login_03" time="0.002" classname="Practice_TestNGFinal.TC_Login_Group"/>
  <testcase name="Login_01" time="0.010" classname="Practice_TestNGFinal.TC_Login_Group"/>
</testsuite> <!-- Practice_TestNGFinal.TC_Login_Group -->
