<?xml version="1.0" encoding="UTF-8"?>
<!-- Generated by org.testng.reporters.JUnitReportReporter -->
<testsuite skipped="0" hostname="Siri-PC" name="TC_chromelaunch" tests="1" failures="0" timestamp="2020-06-10T17:07:15 PDT" time="11.251" errors="0">
  <testcase name="chromelaunch" time="11.251" classname="TC_chromelaunch"/>
</testsuite> <!-- TC_chromelaunch -->
