<?xml version="1.0" encoding="UTF-8"?>
<!-- Generated by org.testng.reporters.JUnitReportReporter -->
<testsuite skipped="0" hostname="Siri-PC" name="Practice_TestNGFinal.Tc_firefoxlaunch" tests="1" failures="0" timestamp="2020-06-10T22:36:03 PDT" time="10.067" errors="0">
  <testcase name="firefoxlaunch" time="10.067" classname="Practice_TestNGFinal.Tc_firefoxlaunch"/>
</testsuite> <!-- Practice_TestNGFinal.Tc_firefoxlaunch -->
