<?xml version="1.0" encoding="UTF-8"?>
<!-- Generated by org.testng.reporters.JUnitReportReporter -->
<testsuite skipped="0" hostname="Siri-PC" name="Practice_TestNGFinal.TC_Home" tests="1" failures="0" timestamp="2020-06-10T22:36:12 PDT" time="0.001" errors="0">
  <testcase name="Home_02" time="0.001" classname="Practice_TestNGFinal.TC_Home"/>
</testsuite> <!-- Practice_TestNGFinal.TC_Home -->
