<?xml version="1.0" encoding="UTF-8"?>
<!-- Generated by org.testng.reporters.JUnitReportReporter -->
<testsuite skipped="0" hostname="Siri-PC" name="Practice_TestNGFinal.TC_chromelaunch" tests="1" failures="0" timestamp="2020-06-10T21:53:40 PDT" time="7.531" errors="0">
  <testcase name="chromelaunch" time="7.531" classname="Practice_TestNGFinal.TC_chromelaunch"/>
</testsuite> <!-- Practice_TestNGFinal.TC_chromelaunch -->
