<?xml version="1.0" encoding="UTF-8"?>
<!-- Generated by org.testng.reporters.JUnitReportReporter -->
<testsuite name="Practice_TestNGFinal.Tc_firefoxlaunch" tests="1" time="7.783" ignored="0" failures="0" timestamp="11 Jun 2020 06:04:39 GMT" skipped="0" hostname="Siri-PC" errors="0">
  <testcase name="firefoxlaunch" time="7.783" classname="Practice_TestNGFinal.Tc_firefoxlaunch"/>
</testsuite> <!-- Practice_TestNGFinal.Tc_firefoxlaunch -->
