<?xml version="1.0" encoding="UTF-8"?>
<!-- Generated by org.testng.reporters.JUnitReportReporter -->
<testsuite name="Practice_TestNGFinal.TC_chromelaunch" tests="1" time="11.304" ignored="0" failures="0" timestamp="11 Jun 2020 06:04:39 GMT" skipped="0" hostname="Siri-PC" errors="0">
  <testcase name="chromelaunch" time="11.304" classname="Practice_TestNGFinal.TC_chromelaunch"/>
</testsuite> <!-- Practice_TestNGFinal.TC_chromelaunch -->
